<?xml version="1.0" encoding="UTF-8"?>
<!-- Generated by org.testng.reporters.JUnitReportReporter -->
<testsuite hostname="lenovo" failures="0" tests="2" name="testpackage.ParabankTest" time="2.096" errors="0" timestamp="2024-11-13T13:32:24 IST" skipped="0">
  <testcase classname="testpackage.ParabankTest" name="testUserRegistration" time="1.907"/>
  <system-out/>
  <testcase classname="testpackage.ParabankTest" name="captureScreenshotAfterRegistration" time="0.189"/>
  <system-out/>
</testsuite> <!-- testpackage.ParabankTest -->
